<?xml version="1.0" encoding="utf-8"?><testsuites name="pytest tests"><testsuite name="pytest" errors="0" failures="0" skipped="0" tests="12" time="5.598" timestamp="2026-04-08T11:24:09.347782+00:00" hostname="agent-env-8d547197-965a-4afe-9f3c-26b720923059"><testcase classname="backend.tests.test_iteration_8.TestJWTExpiration" name="test_jwt_expiry_is_30_days" time="0.393" /><testcase classname="backend.tests.test_iteration_8.TestSAMLAppHomeUrl" name="test_saml_app_has_home_url_field" time="0.505" /><testcase classname="backend.tests.test_iteration_8.TestSAMLAppHomeUrl" name="test_saml_app_update_home_url" time="0.828" /><testcase classname="backend.tests.test_iteration_8.TestLauncherAppsEndpoint" name="test_launcher_apps_returns_home_url" time="0.425" /><testcase classname="backend.tests.test_iteration_8.TestPWASupport" name="test_manifest_json_accessible" time="0.106" /><testcase classname="backend.tests.test_iteration_8.TestPWASupport" name="test_service_worker_accessible" time="0.111" /><testcase classname="backend.tests.test_iteration_8.TestLogoUpload" name="test_logo_upload_accepts_image" time="0.900" /><testcase classname="backend.tests.test_iteration_8.TestLogoUpload" name="test_logo_upload_rejects_non_image" time="0.430" /><testcase classname="backend.tests.test_iteration_8.TestLoginFunctionality" name="test_admin_login" time="0.326" /><testcase classname="backend.tests.test_iteration_8.TestLoginFunctionality" name="test_user_login" time="0.323" /><testcase classname="backend.tests.test_iteration_8.TestDashboardStats" name="test_dashboard_stats_returns_all_fields" time="0.434" /><testcase classname="backend.tests.test_iteration_8.TestSAMLAppCreationWithHomeUrl" name="test_create_saml_app_with_home_url" time="0.715" /></testsuite></testsuites>