<?xml version="1.0" encoding="utf-8"?><testsuites name="pytest tests"><testsuite name="pytest" errors="0" failures="0" skipped="0" tests="16" time="21.942" timestamp="2026-04-09T05:27:05.092449+00:00" hostname="agent-env-8d547197-965a-4afe-9f3c-26b720923059"><testcase classname="backend.tests.test_hr_sync_access_requests.TestAuth" name="test_admin_login" time="0.410" /><testcase classname="backend.tests.test_hr_sync_access_requests.TestAuth" name="test_user_login" time="0.338" /><testcase classname="backend.tests.test_hr_sync_access_requests.TestHRSync" name="test_hr_sync_trigger_admin" time="12.850" /><testcase classname="backend.tests.test_hr_sync_access_requests.TestHRSync" name="test_hr_sync_trigger_user_forbidden" time="0.553" /><testcase classname="backend.tests.test_hr_sync_access_requests.TestHRSync" name="test_hr_sync_logs_admin" time="0.452" /><testcase classname="backend.tests.test_hr_sync_access_requests.TestHRSync" name="test_hr_sync_logs_user_forbidden" time="0.460" /><testcase classname="backend.tests.test_hr_sync_access_requests.TestAppCatalog" name="test_catalog_apps_admin" time="0.453" /><testcase classname="backend.tests.test_hr_sync_access_requests.TestAppCatalog" name="test_catalog_apps_user" time="0.456" /><testcase classname="backend.tests.test_hr_sync_access_requests.TestAccessRequests" name="test_list_access_requests_admin" time="0.449" /><testcase classname="backend.tests.test_hr_sync_access_requests.TestAccessRequests" name="test_list_access_requests_user" time="0.437" /><testcase classname="backend.tests.test_hr_sync_access_requests.TestAccessRequests" name="test_list_access_requests_filter_pending" time="0.443" /><testcase classname="backend.tests.test_hr_sync_access_requests.TestAccessRequests" name="test_create_access_request" time="0.906" /><testcase classname="backend.tests.test_hr_sync_access_requests.TestAccessRequests" name="test_create_access_request_missing_app_id" time="0.448" /><testcase classname="backend.tests.test_hr_sync_access_requests.TestAccessRequests" name="test_approve_access_request" time="0.700" /><testcase classname="backend.tests.test_hr_sync_access_requests.TestAccessRequests" name="test_user_cannot_approve_request" time="0.883" /><testcase classname="backend.tests.test_hr_sync_access_requests.TestDisabledUserLogin" name="test_disabled_user_cannot_login" time="1.607" /></testsuite></testsuites>