<?xml version="1.0" encoding="utf-8"?><testsuites name="pytest tests"><testsuite name="pytest" errors="0" failures="0" skipped="0" tests="10" time="3.295" timestamp="2026-04-08T11:42:13.361029+00:00" hostname="agent-env-8d547197-965a-4afe-9f3c-26b720923059"><testcase classname="backend.tests.test_bug_fixes_iteration_9.TestSAMLBase64BugFix" name="test_saml_test_endpoint_returns_valid_base64" time="0.684" /><testcase classname="backend.tests.test_bug_fixes_iteration_9.TestSAMLBase64BugFix" name="test_saml_test_endpoint_signed" time="0.155" /><testcase classname="backend.tests.test_bug_fixes_iteration_9.TestSAMLBase64BugFix" name="test_saml_complete_endpoint_returns_html_with_valid_base64" time="0.227" /><testcase classname="backend.tests.test_bug_fixes_iteration_9.TestLogoUploadBugFix" name="test_logo_upload_returns_api_uploads_prefix" time="0.451" /><testcase classname="backend.tests.test_bug_fixes_iteration_9.TestLogoUploadBugFix" name="test_uploaded_logo_is_accessible" time="0.226" /><testcase classname="backend.tests.test_bug_fixes_iteration_9.TestLogoUploadBugFix" name="test_existing_saml_app_logo_displays" time="0.205" /><testcase classname="backend.tests.test_bug_fixes_iteration_9.TestRegressionLogin" name="test_admin_login" time="0.330" /><testcase classname="backend.tests.test_bug_fixes_iteration_9.TestRegressionLogin" name="test_user_login" time="0.358" /><testcase classname="backend.tests.test_bug_fixes_iteration_9.TestRegressionSAMLApp" name="test_get_saml_apps" time="0.428" /><testcase classname="backend.tests.test_bug_fixes_iteration_9.TestRegressionSAMLApp" name="test_get_kissflow_config" time="0.144" /></testsuite></testsuites>