<?xml version="1.0" encoding="utf-8"?><testsuites name="pytest tests"><testsuite name="pytest" errors="0" failures="0" skipped="0" tests="17" time="7.920" timestamp="2026-04-08T07:17:57.495906+00:00" hostname="agent-env-8d547197-965a-4afe-9f3c-26b720923059"><testcase classname="backend.tests.test_access_control_v7.TestAuthentication" name="test_admin_login" time="0.466" /><testcase classname="backend.tests.test_access_control_v7.TestAuthentication" name="test_assigned_user_login" time="0.333" /><testcase classname="backend.tests.test_access_control_v7.TestAuthentication" name="test_unassigned_user_login" time="0.332" /><testcase classname="backend.tests.test_access_control_v7.TestAccessControlLauncher" name="test_unassigned_user_sees_no_apps" time="0.431" /><testcase classname="backend.tests.test_access_control_v7.TestAccessControlLauncher" name="test_assigned_user_sees_kissflow" time="0.441" /><testcase classname="backend.tests.test_access_control_v7.TestAccessControlLauncher" name="test_admin_always_sees_apps" time="0.489" /><testcase classname="backend.tests.test_access_control_v7.TestAppCatalogAccessStatus" name="test_unassigned_user_sees_request_access" time="0.423" /><testcase classname="backend.tests.test_access_control_v7.TestAppCatalogAccessStatus" name="test_assigned_user_sees_access_granted" time="0.429" /><testcase classname="backend.tests.test_access_control_v7.TestLogoUpload" name="test_upload_logo_returns_url" time="0.443" /><testcase classname="backend.tests.test_access_control_v7.TestLogoUpload" name="test_upload_rejects_non_image" time="0.500" /><testcase classname="backend.tests.test_access_control_v7.TestUserAppAssignment" name="test_get_app_users" time="0.441" /><testcase classname="backend.tests.test_access_control_v7.TestUserAppAssignment" name="test_assign_user_to_app" time="0.675" /><testcase classname="backend.tests.test_access_control_v7.TestUserAppAssignment" name="test_remove_user_from_app" time="0.639" /><testcase classname="backend.tests.test_access_control_v7.TestDashboardStats" name="test_dashboard_stats_returns_all_fields" time="0.426" /><testcase classname="backend.tests.test_access_control_v7.TestSAMLAppEndpoints" name="test_get_saml_apps_includes_approved_user_ids" time="0.426" /><testcase classname="backend.tests.test_access_control_v7.TestSAMLAppEndpoints" name="test_get_single_saml_app" time="0.420" /><testcase classname="backend.tests.test_access_control_v7.TestUsersEndpoint" name="test_get_users_list" time="0.431" /></testsuite></testsuites>