<?xml version="1.0" encoding="utf-8"?><testsuites name="pytest tests"><testsuite name="pytest" errors="0" failures="0" skipped="0" tests="20" time="5.382" timestamp="2026-04-08T05:15:54.766996+00:00" hostname="agent-env-8d547197-965a-4afe-9f3c-26b720923059"><testcase classname="backend.tests.test_saml_sso.TestHealthAndBasics" name="test_health_endpoint" time="0.268" /><testcase classname="backend.tests.test_saml_sso.TestAuthentication" name="test_acme_admin_login" time="0.385" /><testcase classname="backend.tests.test_saml_sso.TestAuthentication" name="test_refex_admin_login" time="0.324" /><testcase classname="backend.tests.test_saml_sso.TestSAMLSSORedirect" name="test_saml_sso_returns_html" time="0.133" /><testcase classname="backend.tests.test_saml_sso.TestSAMLSSORedirect" name="test_saml_sso_contains_public_url" time="0.119" /><testcase classname="backend.tests.test_saml_sso.TestSAMLSSORedirect" name="test_saml_sso_with_relay_state" time="0.103" /><testcase classname="backend.tests.test_saml_sso.TestSAMLComplete" name="test_saml_complete_requires_auth" time="0.123" /><testcase classname="backend.tests.test_saml_sso.TestSAMLComplete" name="test_saml_complete_returns_html_form" time="0.541" /><testcase classname="backend.tests.test_saml_sso.TestSAMLComplete" name="test_saml_complete_posts_to_correct_acs" time="0.498" /><testcase classname="backend.tests.test_saml_sso.TestSAMLComplete" name="test_saml_response_is_signed" time="0.493" /><testcase classname="backend.tests.test_saml_sso.TestSAMLComplete" name="test_saml_response_issuer_uses_public_url" time="0.484" /><testcase classname="backend.tests.test_saml_sso.TestSAMLComplete" name="test_saml_response_nameid_is_user_email" time="0.528" /><testcase classname="backend.tests.test_saml_sso.TestKissflowConfig" name="test_kissflow_config_returns_public_urls" time="0.134" /><testcase classname="backend.tests.test_saml_sso.TestKissflowConfig" name="test_kissflow_config_has_security_key" time="0.101" /><testcase classname="backend.tests.test_saml_sso.TestSAMLMetadata" name="test_metadata_returns_xml" time="0.098" /><testcase classname="backend.tests.test_saml_sso.TestSAMLMetadata" name="test_metadata_contains_public_urls" time="0.113" /><testcase classname="backend.tests.test_saml_sso.TestAppLauncher" name="test_launcher_apps_endpoint" time="0.422" /><testcase classname="backend.tests.test_saml_sso.TestSAMLAppNotFound" name="test_sso_invalid_app_returns_404" time="0.102" /><testcase classname="backend.tests.test_saml_sso.TestSAMLAppNotFound" name="test_metadata_invalid_app_returns_404" time="0.104" /><testcase classname="backend.tests.test_saml_sso.TestSAMLAppNotFound" name="test_kissflow_config_invalid_app_returns_404" time="0.123" /></testsuite></testsuites>