<?xml version="1.0" encoding="utf-8"?><testsuites name="pytest tests"><testsuite name="pytest" errors="0" failures="0" skipped="0" tests="14" time="7.250" timestamp="2026-04-08T06:10:19.066231+00:00" hostname="agent-env-8d547197-965a-4afe-9f3c-26b720923059"><testcase classname="backend.tests.test_iam_features.TestAuthentication" name="test_refex_admin_login" time="0.379" /><testcase classname="backend.tests.test_iam_features.TestAuthentication" name="test_refex_user_login" time="0.327" /><testcase classname="backend.tests.test_iam_features.TestAuthentication" name="test_acme_admin_login" time="0.332" /><testcase classname="backend.tests.test_iam_features.TestUserManagementEndpoints" name="test_get_saml_app_users" time="0.423" /><testcase classname="backend.tests.test_iam_features.TestUserManagementEndpoints" name="test_assign_user_to_app" time="0.539" /><testcase classname="backend.tests.test_iam_features.TestUserManagementEndpoints" name="test_remove_user_from_app" time="0.624" /><testcase classname="backend.tests.test_iam_features.TestAccessControl" name="test_org_admin_always_sees_apps" time="0.426" /><testcase classname="backend.tests.test_iam_features.TestAccessControl" name="test_assigned_user_sees_app" time="0.948" /><testcase classname="backend.tests.test_iam_features.TestAccessControl" name="test_unassigned_user_cannot_see_app" time="1.268" /><testcase classname="backend.tests.test_iam_features.TestAppLauncherAPI" name="test_launcher_apps_returns_correct_structure" time="0.419" /><testcase classname="backend.tests.test_iam_features.TestAppLauncherAPI" name="test_saml_complete_endpoint_with_token" time="0.516" /><testcase classname="backend.tests.test_iam_features.TestAppLauncherAPI" name="test_saml_complete_without_token_redirects" time="0.114" /><testcase classname="backend.tests.test_iam_features.TestSAMLAppsPage" name="test_get_saml_apps_list" time="0.430" /><testcase classname="backend.tests.test_iam_features.TestSAMLAppsPage" name="test_get_org_users_for_dropdown" time="0.415" /></testsuite></testsuites>