<?xml version="1.0" encoding="utf-8"?><testsuites name="pytest tests"><testsuite name="pytest" errors="0" failures="0" skipped="0" tests="17" time="6.703" timestamp="2026-04-14T05:21:19.687777+00:00" hostname="agent-env-8d547197-965a-4afe-9f3c-26b720923059"><testcase classname="tests.test_kissflow_scim.TestKissflowSCIMAuth" name="test_admin_login_success" time="0.364" /><testcase classname="tests.test_kissflow_scim.TestKissflowSCIMConfig" name="test_get_config_admin_success" time="0.462" /><testcase classname="tests.test_kissflow_scim.TestKissflowSCIMConfig" name="test_get_config_no_auth_denied" time="0.196" /><testcase classname="tests.test_kissflow_scim.TestKissflowSCIMConfig" name="test_save_config_admin_success" time="0.132" /><testcase classname="tests.test_kissflow_scim.TestKissflowSCIMConfig" name="test_save_config_missing_fields" time="0.114" /><testcase classname="tests.test_kissflow_scim.TestKissflowSCIMPushUser" name="test_push_user_admin_success" time="1.949" /><testcase classname="tests.test_kissflow_scim.TestKissflowSCIMPushUser" name="test_push_user_missing_email" time="0.106" /><testcase classname="tests.test_kissflow_scim.TestKissflowSCIMPushUser" name="test_push_user_nonexistent" time="0.110" /><testcase classname="tests.test_kissflow_scim.TestKissflowSCIMPushUser" name="test_push_user_no_auth_denied" time="0.131" /><testcase classname="tests.test_kissflow_scim.TestKissflowSCIMSync" name="test_sync_no_auth_denied" time="0.106" /><testcase classname="tests.test_kissflow_scim.TestKissflowSCIMLogs" name="test_get_logs_admin_success" time="0.494" /><testcase classname="tests.test_kissflow_scim.TestKissflowSCIMLogs" name="test_get_logs_no_auth_denied" time="0.107" /><testcase classname="tests.test_kissflow_scim.TestKissflowSCIMIntegration" name="test_config_then_push_flow" time="1.937" /><testcase classname="tests.test_kissflow_scim.TestKissflowSCIMNonAdminAccess" name="test_non_admin_access_denied_config" time="0.109" /><testcase classname="tests.test_kissflow_scim.TestKissflowSCIMNonAdminAccess" name="test_non_admin_access_denied_push" time="0.102" /><testcase classname="tests.test_kissflow_scim.TestKissflowSCIMNonAdminAccess" name="test_non_admin_access_denied_sync" time="0.108" /><testcase classname="tests.test_kissflow_scim.TestKissflowSCIMNonAdminAccess" name="test_non_admin_access_denied_logs" time="0.097" /></testsuite></testsuites>