<?xml version="1.0" encoding="utf-8"?><testsuites name="pytest tests"><testsuite name="pytest" errors="0" failures="0" skipped="0" tests="16" time="12.768" timestamp="2026-04-08T16:28:46.262490+00:00" hostname="agent-env-8d547197-965a-4afe-9f3c-26b720923059"><testcase classname="backend.tests.test_oidc_iteration_10.TestOIDCAppCRUD" name="test_01_create_oidc_app" time="0.905" /><testcase classname="backend.tests.test_oidc_iteration_10.TestOIDCAppCRUD" name="test_02_list_oidc_apps" time="0.530" /><testcase classname="backend.tests.test_oidc_iteration_10.TestOIDCAppCRUD" name="test_03_get_oidc_app_with_secret" time="0.769" /><testcase classname="backend.tests.test_oidc_iteration_10.TestOIDCAppCRUD" name="test_04_update_oidc_app" time="0.798" /><testcase classname="backend.tests.test_oidc_iteration_10.TestOIDCAppCRUD" name="test_05_delete_oidc_app" time="0.771" /><testcase classname="backend.tests.test_oidc_iteration_10.TestOIDCDiscovery" name="test_oidc_discovery_endpoint" time="0.729" /><testcase classname="backend.tests.test_oidc_iteration_10.TestOIDCOAuth2Flow" name="test_01_authorize_with_token_returns_302" time="1.179" /><testcase classname="backend.tests.test_oidc_iteration_10.TestOIDCOAuth2Flow" name="test_02_authorize_without_token_redirects_to_login" time="0.915" /><testcase classname="backend.tests.test_oidc_iteration_10.TestOIDCOAuth2Flow" name="test_03_token_exchange" time="1.010" /><testcase classname="backend.tests.test_oidc_iteration_10.TestOIDCOAuth2Flow" name="test_04_userinfo_endpoint" time="1.037" /><testcase classname="backend.tests.test_oidc_iteration_10.TestOIDCOAuth2Flow" name="test_05_token_exchange_invalid_code" time="0.912" /><testcase classname="backend.tests.test_oidc_iteration_10.TestOIDCOAuth2Flow" name="test_06_token_exchange_invalid_client" time="1.007" /><testcase classname="backend.tests.test_oidc_iteration_10.TestLogoUpload" name="test_logo_upload" time="0.611" /><testcase classname="backend.tests.test_oidc_iteration_10.TestAppLauncher" name="test_launcher_apps_endpoint" time="0.475" /><testcase classname="backend.tests.test_oidc_iteration_10.TestRegressionLogin" name="test_admin_login" time="0.350" /><testcase classname="backend.tests.test_oidc_iteration_10.TestRegressionLogin" name="test_auth_me_endpoint" time="0.490" /></testsuite></testsuites>