<?xml version="1.0" encoding="utf-8"?><testsuites name="pytest tests"><testsuite name="pytest" errors="0" failures="0" skipped="0" tests="37" time="5.435" timestamp="2026-04-10T10:14:54.267728+00:00" hostname="agent-env-8d547197-965a-4afe-9f3c-26b720923059"><testcase classname="backend.tests.test_scim_v2.TestSetup" name="test_admin_login" time="0.415" /><testcase classname="backend.tests.test_scim_v2.TestSetup" name="test_user_login" time="0.336" /><testcase classname="backend.tests.test_scim_v2.TestSetup" name="test_get_scim_token" time="0.214" /><testcase classname="backend.tests.test_scim_v2.TestDiscoveryEndpoints" name="test_service_provider_config" time="0.101" /><testcase classname="backend.tests.test_scim_v2.TestDiscoveryEndpoints" name="test_schemas" time="0.134" /><testcase classname="backend.tests.test_scim_v2.TestDiscoveryEndpoints" name="test_resource_types" time="0.114" /><testcase classname="backend.tests.test_scim_v2.TestAuthRequired" name="test_users_requires_auth" time="0.133" /><testcase classname="backend.tests.test_scim_v2.TestAuthRequired" name="test_groups_requires_auth" time="0.101" /><testcase classname="backend.tests.test_scim_v2.TestAuthRequired" name="test_invalid_token_rejected" time="0.099" /><testcase classname="backend.tests.test_scim_v2.TestAuthRequired" name="test_missing_bearer_prefix_rejected" time="0.103" /><testcase classname="backend.tests.test_scim_v2.TestUsersCRUD" name="test_list_users" time="0.127" /><testcase classname="backend.tests.test_scim_v2.TestUsersCRUD" name="test_list_users_with_pagination" time="0.107" /><testcase classname="backend.tests.test_scim_v2.TestUsersCRUD" name="test_filter_users_by_username" time="0.196" /><testcase classname="backend.tests.test_scim_v2.TestUsersCRUD" name="test_create_user" time="0.327" /><testcase classname="backend.tests.test_scim_v2.TestUsersCRUD" name="test_get_user" time="0.102" /><testcase classname="backend.tests.test_scim_v2.TestUsersCRUD" name="test_replace_user" time="0.113" /><testcase classname="backend.tests.test_scim_v2.TestUsersCRUD" name="test_patch_user_deactivate" time="0.106" /><testcase classname="backend.tests.test_scim_v2.TestUsersCRUD" name="test_patch_user_update_name" time="0.126" /><testcase classname="backend.tests.test_scim_v2.TestUsersCRUD" name="test_delete_user" time="0.105" /><testcase classname="backend.tests.test_scim_v2.TestUsersCRUD" name="test_get_nonexistent_user" time="0.120" /><testcase classname="backend.tests.test_scim_v2.TestUsersCRUD" name="test_create_duplicate_user" time="0.099" /><testcase classname="backend.tests.test_scim_v2.TestGroupsCRUD" name="test_list_groups" time="0.116" /><testcase classname="backend.tests.test_scim_v2.TestGroupsCRUD" name="test_create_group" time="0.120" /><testcase classname="backend.tests.test_scim_v2.TestGroupsCRUD" name="test_get_group" time="0.105" /><testcase classname="backend.tests.test_scim_v2.TestGroupsCRUD" name="test_create_test_user_for_group" time="0.330" /><testcase classname="backend.tests.test_scim_v2.TestGroupsCRUD" name="test_patch_group_add_member" time="0.133" /><testcase classname="backend.tests.test_scim_v2.TestGroupsCRUD" name="test_patch_group_remove_member" time="0.118" /><testcase classname="backend.tests.test_scim_v2.TestGroupsCRUD" name="test_delete_group" time="0.114" /><testcase classname="backend.tests.test_scim_v2.TestGroupsCRUD" name="test_cleanup_test_user" time="0.107" /><testcase classname="backend.tests.test_scim_v2.TestSCIMTokenManagement" name="test_create_token" time="0.113" /><testcase classname="backend.tests.test_scim_v2.TestSCIMTokenManagement" name="test_list_tokens" time="0.114" /><testcase classname="backend.tests.test_scim_v2.TestSCIMTokenManagement" name="test_revoke_token" time="0.103" /><testcase classname="backend.tests.test_scim_v2.TestSCIMTokenManagement" name="test_user_cannot_create_token" time="0.114" /><testcase classname="backend.tests.test_scim_v2.TestSCIMTokenManagement" name="test_user_cannot_list_tokens" time="0.103" /><testcase classname="backend.tests.test_scim_v2.TestSCIMResponseFormat" name="test_user_response_format" time="0.114" /><testcase classname="backend.tests.test_scim_v2.TestSCIMResponseFormat" name="test_list_response_format" time="0.150" /><testcase classname="backend.tests.test_scim_v2.TestSCIMResponseFormat" name="test_error_response_format" time="0.120" /></testsuite></testsuites>